[2022-05-22 23:08:35,373] INFO Shutting down the log cleaner. (kafka.log.LogCleaner)
[2022-05-22 23:08:35,380] INFO [kafka-log-cleaner-thread-0]: Shutting down (kafka.log.LogCleaner)
[2022-05-22 23:08:35,381] INFO [kafka-log-cleaner-thread-0]: Stopped (kafka.log.LogCleaner)
[2022-05-22 23:08:35,381] INFO [kafka-log-cleaner-thread-0]: Shutdown completed (kafka.log.LogCleaner)
[2022-05-22 23:15:16,660] INFO Starting the log cleaner (kafka.log.LogCleaner)
[2022-05-22 23:15:16,712] INFO [kafka-log-cleaner-thread-0]: Starting (kafka.log.LogCleaner)
[2022-05-22 23:15:17,963] INFO Shutting down the log cleaner. (kafka.log.LogCleaner)
[2022-05-22 23:15:17,964] INFO [kafka-log-cleaner-thread-0]: Shutting down (kafka.log.LogCleaner)
[2022-05-22 23:15:17,964] INFO [kafka-log-cleaner-thread-0]: Stopped (kafka.log.LogCleaner)
[2022-05-22 23:15:17,964] INFO [kafka-log-cleaner-thread-0]: Shutdown completed (kafka.log.LogCleaner)
[2022-05-22 23:16:20,583] INFO Starting the log cleaner (kafka.log.LogCleaner)
[2022-05-22 23:16:20,636] INFO [kafka-log-cleaner-thread-0]: Starting (kafka.log.LogCleaner)
[2022-05-22 23:37:41,132] INFO Shutting down the log cleaner. (kafka.log.LogCleaner)
[2022-05-22 23:37:41,132] INFO [kafka-log-cleaner-thread-0]: Shutting down (kafka.log.LogCleaner)
[2022-05-22 23:37:41,132] INFO [kafka-log-cleaner-thread-0]: Stopped (kafka.log.LogCleaner)
[2022-05-22 23:37:41,132] INFO [kafka-log-cleaner-thread-0]: Shutdown completed (kafka.log.LogCleaner)
[2022-05-22 23:37:51,452] INFO Starting the log cleaner (kafka.log.LogCleaner)
[2022-05-22 23:37:51,504] INFO [kafka-log-cleaner-thread-0]: Starting (kafka.log.LogCleaner)
[2022-05-23 00:18:52,620] INFO Shutting down the log cleaner. (kafka.log.LogCleaner)
[2022-05-23 00:18:52,623] INFO [kafka-log-cleaner-thread-0]: Shutting down (kafka.log.LogCleaner)
[2022-05-23 00:18:52,623] INFO [kafka-log-cleaner-thread-0]: Stopped (kafka.log.LogCleaner)
[2022-05-23 00:18:52,623] INFO [kafka-log-cleaner-thread-0]: Shutdown completed (kafka.log.LogCleaner)
[2022-05-23 17:26:18,779] INFO Starting the log cleaner (kafka.log.LogCleaner)
[2022-05-23 17:26:18,833] INFO [kafka-log-cleaner-thread-0]: Starting (kafka.log.LogCleaner)
