Spark Command: /usr/lib/jvm/java-11-openjdk-amd64/bin/java -cp /mnt/c/spark/conf/:/mnt/c/spark/jars/* -Xmx1g org.apache.spark.deploy.master.Master --host Azzopardi.localdomain --port 7077 --webui-port 8080
========================================
Using Spark's default log4j profile: org/apache/spark/log4j-defaults.properties
22/05/15 17:23:17 INFO Master: Started daemon with process name: 490@Azzopardi
22/05/15 17:23:17 INFO SignalUtils: Registering signal handler for TERM
22/05/15 17:23:17 INFO SignalUtils: Registering signal handler for HUP
22/05/15 17:23:17 INFO SignalUtils: Registering signal handler for INT
22/05/15 17:23:18 WARN Utils: Your hostname, Azzopardi resolves to a loopback address: 127.0.1.1; using 172.26.90.138 instead (on interface eth0)
22/05/15 17:23:18 WARN Utils: Set SPARK_LOCAL_IP if you need to bind to another address
WARNING: An illegal reflective access operation has occurred
WARNING: Illegal reflective access by org.apache.spark.unsafe.Platform (file:/mnt/c/spark/jars/spark-unsafe_2.12-3.2.1.jar) to constructor java.nio.DirectByteBuffer(long,int)
WARNING: Please consider reporting this to the maintainers of org.apache.spark.unsafe.Platform
WARNING: Use --illegal-access=warn to enable warnings of further illegal reflective access operations
WARNING: All illegal access operations will be denied in a future release
22/05/15 17:23:19 WARN NativeCodeLoader: Unable to load native-hadoop library for your platform... using builtin-java classes where applicable
22/05/15 17:23:19 INFO SecurityManager: Changing view acls to: azzopardi
22/05/15 17:23:19 INFO SecurityManager: Changing modify acls to: azzopardi
22/05/15 17:23:19 INFO SecurityManager: Changing view acls groups to: 
22/05/15 17:23:19 INFO SecurityManager: Changing modify acls groups to: 
22/05/15 17:23:19 INFO SecurityManager: SecurityManager: authentication disabled; ui acls disabled; users  with view permissions: Set(azzopardi); groups with view permissions: Set(); users  with modify permissions: Set(azzopardi); groups with modify permissions: Set()
22/05/15 17:23:20 INFO Utils: Successfully started service 'sparkMaster' on port 7077.
22/05/15 17:23:20 INFO Master: Starting Spark master at spark://Azzopardi.localdomain:7077
22/05/15 17:23:20 INFO Master: Running Spark version 3.2.1
22/05/15 17:23:21 INFO Utils: Successfully started service 'MasterUI' on port 8080.
22/05/15 17:23:21 INFO MasterWebUI: Bound MasterWebUI to 0.0.0.0, and started at http://172.26.90.138:8080
22/05/15 17:23:21 INFO Master: I have been elected leader! New state: ALIVE
